INFO: [HLS 200-10] Running '/home/robert/Xilinx/Vitis_HLS/2020.2/bin/unwrapped/lnx64.o/vitis_hls'
INFO: [HLS 200-10] For user 'robert' on host 'venom' (Linux_x86_64 version 5.4.0-88-generic) on Thu Oct 14 17:32:20 EEST 2021
INFO: [HLS 200-10] On os Ubuntu 20.04.3 LTS
INFO: [HLS 200-10] In directory '/home/robert/Facultate/3_anul/Third-Year/1_sem/CN2/1_curs_aplicativ'
Sourcing Tcl script '/home/robert/Facultate/3_anul/Third-Year/1_sem/CN2/1_curs_aplicativ/Curs1/solution1/export.tcl'
INFO: [HLS 200-1510] Running: open_project Curs1 
INFO: [HLS 200-10] Opening project '/home/robert/Facultate/3_anul/Third-Year/1_sem/CN2/1_curs_aplicativ/Curs1'.
INFO: [HLS 200-1510] Running: set_top output1 
INFO: [HLS 200-1510] Running: add_files Curs1/output1.cpp 
INFO: [HLS 200-10] Adding design file 'Curs1/output1.cpp' to the project
INFO: [HLS 200-1510] Running: open_solution solution1 -flow_target vivado 
INFO: [HLS 200-10] Opening solution '/home/robert/Facultate/3_anul/Third-Year/1_sem/CN2/1_curs_aplicativ/Curs1/solution1'.
INFO: [SYN 201-201] Setting up clock 'default' with a period of 10ns.
INFO: [HLS 200-10] Setting target device to 'xq7a100t-cs324-1I'
INFO: [HLS 200-1505] Using flow_target 'vivado'
Resolution: For help on HLS 200-1505 see www.xilinx.com/cgi-bin/docs/rdoc?v=2020.2;t=hls+guidance;d=200-1505.html
INFO: [HLS 200-1510] Running: set_part xq7a100tcs324-1I 
INFO: [HLS 200-1510] Running: create_clock -period 10 -name default 
INFO: [SYN 201-201] Setting up clock 'default' with a period of 10ns.
INFO: [HLS 200-1510] Running: export_design -rtl verilog -format ip_catalog 
INFO: [IMPL 213-8] Exporting RTL as a Vivado IP.

****** Vivado v2020.2.2 (64-bit)
  **** SW Build 3118627 on Tue Feb  9 05:13:49 MST 2021
  **** IP Build 3115676 on Tue Feb  9 10:48:11 MST 2021
    ** Copyright 1986-2021 Xilinx, Inc. All Rights Reserved.

source run_ippack.tcl -notrace
INFO: [IP_Flow 19-234] Refreshing IP repositories
INFO: [IP_Flow 19-1704] No user IP repositories specified
INFO: [IP_Flow 19-2313] Loaded Vivado IP repository '/home/robert/Xilinx/Vivado/2020.2/data/ip'.
INFO: [Common 17-206] Exiting Vivado at Thu Oct 14 17:32:48 2021...
INFO: [HLS 200-802] Generated output file Curs1/solution1/impl/export.zip
INFO: [HLS 200-111] Finished Command export_design CPU user time: 24.52 seconds. CPU system time: 3.22 seconds. Elapsed time: 28.94 seconds; current allocated memory: 97.629 MB.
